TN:
SF:src/modules/appointments/services/CreateAppointementService.ts
FN:41,Object.<anonymous>
FN:41,Object.<anonymous>.__decorate
FN:41,Object.<anonymous>.__metadata
FN:41,Object.<anonymous>.__param
FN:41,Object.<anonymous>.__awaiter
FN:41,adopt
FN:41,fulfilled
FN:41,rejected
FN:41,step
FN:41,Object.<anonymous>.__generator
FN:41,sent
FN:41,g.<computed>
FN:41,verb
FN:41,step
FN:41,Object.<anonymous>.__importDefault
FN:16,CreateAppointmentService
FN:20,Object.<anonymous>.CreateAppointmentService.execute
FNF:17
FNH:15
FNDA:1,Object.<anonymous>
FNDA:1,Object.<anonymous>.__decorate
FNDA:1,Object.<anonymous>.__metadata
FNDA:1,Object.<anonymous>.__param
FNDA:3,Object.<anonymous>.__awaiter
FNDA:5,adopt
FNDA:5,fulfilled
FNDA:0,rejected
FNDA:7,step
FNDA:3,Object.<anonymous>.__generator
FNDA:5,sent
FNDA:0,g.<computed>
FNDA:9,verb
FNDA:8,step
FNDA:1,Object.<anonymous>.__importDefault
FNDA:2,CreateAppointmentService
FNDA:3,Object.<anonymous>.CreateAppointmentService.execute
DA:1,1
DA:2,1
DA:3,1
DA:4,1
DA:5,1
DA:6,1
DA:7,1
DA:8,1
DA:9,1
DA:10,1
DA:11,1
DA:12,1
DA:13,1
DA:14,1
DA:15,1
DA:16,1
DA:17,2
DA:18,2
DA:19,1
DA:20,1
DA:21,3
DA:22,3
DA:23,3
DA:24,3
DA:25,3
DA:26,3
DA:27,3
DA:28,1
DA:29,1
DA:30,2
DA:31,2
DA:32,2
DA:33,2
DA:34,2
DA:35,3
DA:36,3
DA:37,3
DA:38,3
DA:39,1
DA:40,1
DA:41,1
LF:41
LH:41
BRDA:41,0,0,1
BRDA:41,1,0,1
BRDA:41,2,0,1
BRDA:41,3,0,0
BRDA:41,4,0,0
BRDA:41,5,0,0
BRDA:41,6,0,0
BRDA:41,7,0,1
BRDA:41,8,0,1
BRDA:41,9,0,1
BRDA:41,10,0,3
BRDA:41,11,0,5
BRDA:41,12,0,0
BRDA:41,13,0,3
BRDA:41,14,0,5
BRDA:41,15,0,4
BRDA:41,16,0,1
BRDA:41,17,0,7
BRDA:41,18,0,2
BRDA:41,19,0,5
BRDA:41,20,0,3
BRDA:41,21,0,5
BRDA:41,22,0,0
BRDA:41,23,0,9
BRDA:41,24,0,8
BRDA:41,25,0,8
BRDA:41,26,0,0
BRDA:41,27,0,16
BRDA:41,28,0,0
BRDA:41,29,0,0
BRDA:41,30,0,0
BRDA:41,31,0,0
BRDA:41,32,0,8
BRDA:41,33,0,8
BRDA:41,34,0,5
BRDA:41,35,0,0
BRDA:41,36,0,0
BRDA:41,37,0,3
BRDA:41,38,0,0
BRDA:41,39,0,2
BRDA:41,40,0,0
BRDA:41,41,0,0
BRDA:41,42,0,0
BRDA:41,43,0,0
BRDA:41,44,0,8
BRDA:41,45,0,7
BRDA:41,46,0,1
BRDA:41,47,0,8
BRDA:41,48,0,3
BRDA:41,49,0,1
BRDA:41,50,0,2
BRDA:41,51,0,0
BRDA:41,52,0,1
BRDA:41,53,0,0
BRDA:15,54,0,1
BRDA:16,55,0,2
BRDA:20,56,0,3
BRDA:41,57,0,3
BRDA:41,58,0,8
BRDA:41,59,0,3
BRDA:41,60,0,3
BRDA:27,61,0,1
BRDA:29,62,0,2
BRDA:41,63,0,2
BRF:64
BRH:44
end_of_record
TN:
SF:src/modules/users/services/AuthenticateUserService.ts
FN:60,Object.<anonymous>
FN:60,Object.<anonymous>.__decorate
FN:60,Object.<anonymous>.__metadata
FN:60,Object.<anonymous>.__param
FN:60,Object.<anonymous>.__awaiter
FN:60,adopt
FN:60,fulfilled
FN:60,rejected
FN:60,step
FN:60,Object.<anonymous>.__generator
FN:60,sent
FN:60,g.<computed>
FN:60,verb
FN:60,step
FN:60,Object.<anonymous>.__importDefault
FN:25,AuthenticateUserService
FN:33,Object.<anonymous>.AuthenticateUserService.execute
FNF:17
FNH:15
FNDA:1,Object.<anonymous>
FNDA:1,Object.<anonymous>.__decorate
FNDA:1,Object.<anonymous>.__metadata
FNDA:2,Object.<anonymous>.__param
FNDA:3,Object.<anonymous>.__awaiter
FNDA:5,adopt
FNDA:5,fulfilled
FNDA:0,rejected
FNDA:6,step
FNDA:3,Object.<anonymous>.__generator
FNDA:5,sent
FNDA:0,g.<computed>
FNDA:9,verb
FNDA:8,step
FNDA:2,Object.<anonymous>.__importDefault
FNDA:3,AuthenticateUserService
FNDA:3,Object.<anonymous>.AuthenticateUserService.execute
DA:1,1
DA:2,1
DA:3,1
DA:4,1
DA:5,1
DA:6,1
DA:7,1
DA:8,1
DA:9,1
DA:10,1
DA:11,1
DA:12,1
DA:13,1
DA:14,1
DA:15,1
DA:16,1
DA:17,1
DA:18,1
DA:19,1
DA:20,1
DA:21,1
DA:22,1
DA:23,1
DA:24,1
DA:25,1
DA:26,3
DA:27,3
DA:28,3
DA:29,3
DA:30,3
DA:31,3
DA:32,1
DA:33,1
DA:34,3
DA:35,3
DA:36,3
DA:37,1
DA:38,1
DA:39,2
DA:40,2
DA:41,3
DA:42,3
DA:43,1
DA:44,1
DA:45,1
DA:46,1
DA:47,1
DA:48,1
DA:49,1
DA:50,1
DA:51,1
DA:52,1
DA:53,1
DA:54,1
DA:55,1
DA:56,1
DA:57,3
DA:58,1
DA:59,1
DA:60,1
LF:60
LH:60
BRDA:60,0,0,1
BRDA:60,1,0,1
BRDA:60,2,0,1
BRDA:60,3,0,0
BRDA:60,4,0,0
BRDA:60,5,0,0
BRDA:60,6,0,0
BRDA:60,7,0,1
BRDA:60,8,0,2
BRDA:60,9,0,2
BRDA:60,10,0,3
BRDA:60,11,0,5
BRDA:60,12,0,0
BRDA:60,13,0,3
BRDA:60,14,0,5
BRDA:60,15,0,3
BRDA:60,16,0,2
BRDA:60,17,0,6
BRDA:60,18,0,1
BRDA:60,19,0,5
BRDA:60,20,0,3
BRDA:60,21,0,5
BRDA:60,22,0,0
BRDA:60,23,0,9
BRDA:60,24,0,8
BRDA:60,25,0,8
BRDA:60,26,0,0
BRDA:60,27,0,16
BRDA:60,28,0,0
BRDA:60,29,0,0
BRDA:60,30,0,0
BRDA:60,31,0,0
BRDA:60,32,0,8
BRDA:60,33,0,8
BRDA:60,34,0,5
BRDA:60,35,0,0
BRDA:60,36,0,0
BRDA:60,37,0,3
BRDA:60,38,0,0
BRDA:60,39,0,1
BRDA:60,40,0,0
BRDA:60,41,0,0
BRDA:60,42,0,0
BRDA:60,43,0,0
BRDA:60,44,0,8
BRDA:60,45,0,6
BRDA:60,46,0,2
BRDA:60,47,0,8
BRDA:60,48,0,3
BRDA:60,49,0,2
BRDA:60,50,0,1
BRDA:60,51,0,0
BRDA:60,52,0,2
BRDA:60,53,0,0
BRDA:24,54,0,1
BRDA:25,55,0,3
BRDA:33,56,0,3
BRDA:60,57,0,3
BRDA:60,58,0,8
BRDA:34,59,0,3
BRDA:60,60,0,3
BRDA:36,61,0,1
BRDA:38,62,0,2
BRDA:60,63,0,2
BRDA:42,64,0,1
BRF:65
BRH:45
end_of_record
TN:
SF:src/modules/users/services/CreateUserService.ts
FN:44,Object.<anonymous>
FN:44,Object.<anonymous>.__decorate
FN:44,Object.<anonymous>.__metadata
FN:44,Object.<anonymous>.__param
FN:44,Object.<anonymous>.__awaiter
FN:44,adopt
FN:44,fulfilled
FN:44,rejected
FN:44,step
FN:44,Object.<anonymous>.__generator
FN:44,sent
FN:44,g.<computed>
FN:44,verb
FN:44,step
FN:44,Object.<anonymous>.__importDefault
FN:17,CreateUserService
FN:25,Object.<anonymous>.CreateUserService.execute
FNF:17
FNH:15
FNDA:2,Object.<anonymous>
FNDA:2,Object.<anonymous>.__decorate
FNDA:2,Object.<anonymous>.__metadata
FNDA:4,Object.<anonymous>.__param
FNDA:5,Object.<anonymous>.__awaiter
FNDA:9,adopt
FNDA:9,fulfilled
FNDA:0,rejected
FNDA:13,step
FNDA:5,Object.<anonymous>.__generator
FNDA:9,sent
FNDA:0,g.<computed>
FNDA:15,verb
FNDA:14,step
FNDA:2,Object.<anonymous>.__importDefault
FNDA:4,CreateUserService
FNDA:5,Object.<anonymous>.CreateUserService.execute
DA:1,1
DA:2,1
DA:3,1
DA:4,1
DA:5,1
DA:6,1
DA:7,1
DA:8,1
DA:9,1
DA:10,1
DA:11,1
DA:12,1
DA:13,1
DA:14,1
DA:15,1
DA:16,2
DA:17,2
DA:18,4
DA:19,4
DA:20,4
DA:21,4
DA:22,4
DA:23,4
DA:24,2
DA:25,2
DA:26,5
DA:27,5
DA:28,5
DA:29,1
DA:30,1
DA:31,4
DA:32,4
DA:33,5
DA:34,5
DA:35,5
DA:36,5
DA:37,5
DA:38,5
DA:39,5
DA:40,5
DA:41,5
DA:42,2
DA:43,1
DA:44,1
LF:44
LH:44
BRDA:44,0,0,2
BRDA:44,1,0,2
BRDA:44,2,0,2
BRDA:44,3,0,0
BRDA:44,4,0,0
BRDA:44,5,0,0
BRDA:44,6,0,0
BRDA:44,7,0,2
BRDA:44,8,0,4
BRDA:44,9,0,4
BRDA:44,10,0,5
BRDA:44,11,0,9
BRDA:44,12,0,0
BRDA:44,13,0,5
BRDA:44,14,0,9
BRDA:44,15,0,8
BRDA:44,16,0,1
BRDA:44,17,0,13
BRDA:44,18,0,4
BRDA:44,19,0,9
BRDA:44,20,0,5
BRDA:44,21,0,9
BRDA:44,22,0,0
BRDA:44,23,0,15
BRDA:44,24,0,14
BRDA:44,25,0,14
BRDA:44,26,0,0
BRDA:44,27,0,28
BRDA:44,28,0,0
BRDA:44,29,0,0
BRDA:44,30,0,0
BRDA:44,31,0,0
BRDA:44,32,0,14
BRDA:44,33,0,14
BRDA:44,34,0,9
BRDA:44,35,0,0
BRDA:44,36,0,0
BRDA:44,37,0,5
BRDA:44,38,0,0
BRDA:44,39,0,4
BRDA:44,40,0,0
BRDA:44,41,0,0
BRDA:44,42,0,0
BRDA:44,43,0,0
BRDA:44,44,0,22
BRDA:44,45,0,14
BRDA:44,46,0,13
BRDA:44,47,0,1
BRDA:44,48,0,14
BRDA:44,49,0,5
BRDA:44,50,0,1
BRDA:44,51,0,4
BRDA:44,52,0,0
BRDA:44,53,0,2
BRDA:44,54,0,0
BRDA:16,55,0,2
BRDA:17,56,0,4
BRDA:25,57,0,5
BRDA:44,58,0,5
BRDA:44,59,0,14
BRDA:26,60,0,5
BRDA:44,61,0,5
BRDA:28,62,0,1
BRDA:30,63,0,4
BRDA:44,64,0,4
BRF:65
BRH:45
end_of_record
TN:
SF:src/modules/users/services/UpdateUserAvatarService.ts
FN:48,Object.<anonymous>
FN:48,Object.<anonymous>.__decorate
FN:48,Object.<anonymous>.__metadata
FN:48,Object.<anonymous>.__param
FN:48,Object.<anonymous>.__awaiter
FN:48,adopt
FN:48,fulfilled
FN:48,rejected
FN:48,step
FN:48,Object.<anonymous>.__generator
FN:48,sent
FN:48,g.<computed>
FN:48,verb
FN:48,step
FN:48,Object.<anonymous>.__importDefault
FN:19,UpdateUserAvatarService
FN:27,Object.<anonymous>.UpdateUserAvatarService.execute
FNF:17
FNH:15
FNDA:1,Object.<anonymous>
FNDA:1,Object.<anonymous>.__decorate
FNDA:1,Object.<anonymous>.__metadata
FNDA:2,Object.<anonymous>.__param
FNDA:4,Object.<anonymous>.__awaiter
FNDA:11,adopt
FNDA:11,fulfilled
FNDA:0,rejected
FNDA:14,step
FNDA:4,Object.<anonymous>.__generator
FNDA:11,sent
FNDA:0,g.<computed>
FNDA:12,verb
FNDA:15,step
FNDA:1,Object.<anonymous>.__importDefault
FNDA:3,UpdateUserAvatarService
FNDA:4,Object.<anonymous>.UpdateUserAvatarService.execute
DA:1,1
DA:2,1
DA:3,1
DA:4,1
DA:5,1
DA:6,1
DA:7,1
DA:8,1
DA:9,1
DA:10,1
DA:11,1
DA:12,1
DA:13,1
DA:14,1
DA:15,1
DA:16,1
DA:17,1
DA:18,1
DA:19,1
DA:20,3
DA:21,3
DA:22,3
DA:23,3
DA:24,3
DA:25,3
DA:26,1
DA:27,1
DA:28,4
DA:29,4
DA:30,4
DA:31,1
DA:32,1
DA:33,3
DA:34,3
DA:35,1
DA:36,4
DA:37,4
DA:38,4
DA:39,4
DA:40,4
DA:41,4
DA:42,4
DA:43,4
DA:44,4
DA:45,4
DA:46,1
DA:47,1
DA:48,1
LF:48
LH:48
BRDA:48,0,0,1
BRDA:48,1,0,1
BRDA:48,2,0,1
BRDA:48,3,0,0
BRDA:48,4,0,0
BRDA:48,5,0,0
BRDA:48,6,0,0
BRDA:48,7,0,1
BRDA:48,8,0,2
BRDA:48,9,0,2
BRDA:48,10,0,4
BRDA:48,11,0,11
BRDA:48,12,0,0
BRDA:48,13,0,4
BRDA:48,14,0,11
BRDA:48,15,0,10
BRDA:48,16,0,1
BRDA:48,17,0,14
BRDA:48,18,0,3
BRDA:48,19,0,11
BRDA:48,20,0,4
BRDA:48,21,0,11
BRDA:48,22,0,0
BRDA:48,23,0,12
BRDA:48,24,0,15
BRDA:48,25,0,15
BRDA:48,26,0,0
BRDA:48,27,0,32
BRDA:48,28,0,0
BRDA:48,29,0,0
BRDA:48,30,0,0
BRDA:48,31,0,0
BRDA:48,32,0,15
BRDA:48,33,0,15
BRDA:48,34,0,11
BRDA:48,35,0,0
BRDA:48,36,0,0
BRDA:48,37,0,6
BRDA:48,38,0,0
BRDA:48,39,0,5
BRDA:48,40,0,4
BRDA:48,41,0,2
BRDA:48,42,0,0
BRDA:48,43,0,2
BRDA:48,44,0,0
BRDA:48,45,0,0
BRDA:48,46,0,0
BRDA:48,47,0,17
BRDA:48,48,0,16
BRDA:48,49,0,1
BRDA:48,50,0,17
BRDA:48,51,0,4
BRDA:48,52,0,1
BRDA:48,53,0,3
BRDA:48,54,0,0
BRDA:48,55,0,1
BRDA:48,56,0,0
BRDA:18,57,0,1
BRDA:19,58,0,3
BRDA:27,59,0,4
BRDA:48,60,0,4
BRDA:48,61,0,17
BRDA:28,62,0,4
BRDA:48,63,0,4
BRDA:30,64,0,1
BRDA:32,65,0,3
BRDA:34,66,0,2
BRDA:34,67,0,1
BRDA:48,68,0,1
BRDA:38,69,0,3
BRDA:48,70,0,3
BRDA:48,71,0,3
BRF:72
BRH:52
end_of_record
